<?xml version="1.0" encoding="UTF-8"?>
<testng-results skipped="0" failed="0" ignored="0" total="4" passed="4">
  <reporter-output>
  </reporter-output>
  <suite name="Suite" duration-ms="17" started-at="2021-05-28T11:26:50Z" finished-at="2021-05-28T11:26:50Z">
    <groups>
    </groups>
    <test name="Test" duration-ms="17" started-at="2021-05-28T11:26:50Z" finished-at="2021-05-28T11:26:50Z">
      <class name="qaclickacademy.AppiumTest">
        <test-method status="PASS" signature="IOSApps()[pri:0, instance:qaclickacademy.AppiumTest@305fd85d]" name="IOSApps" duration-ms="3" started-at="2021-05-28T16:56:50Z" finished-at="2021-05-28T16:56:50Z">
          <reporter-output>
          </reporter-output>
        </test-method> <!-- IOSApps -->
        <test-method status="PASS" signature="NativeAPpAndroid()[pri:0, instance:qaclickacademy.AppiumTest@305fd85d]" name="NativeAPpAndroid" duration-ms="0" started-at="2021-05-28T16:56:50Z" finished-at="2021-05-28T16:56:50Z">
          <reporter-output>
          </reporter-output>
        </test-method> <!-- NativeAPpAndroid -->
      </class> <!-- qaclickacademy.AppiumTest -->
      <class name="qaclickacademy.SeleniumTest">
        <test-method status="PASS" signature="BrowserAUtomation()[pri:0, instance:qaclickacademy.SeleniumTest@34cd072c]" name="BrowserAUtomation" duration-ms="0" started-at="2021-05-28T16:56:50Z" finished-at="2021-05-28T16:56:50Z">
          <reporter-output>
          </reporter-output>
        </test-method> <!-- BrowserAUtomation -->
        <test-method status="PASS" signature="elementsUi()[pri:0, instance:qaclickacademy.SeleniumTest@34cd072c]" name="elementsUi" duration-ms="0" started-at="2021-05-28T16:56:50Z" finished-at="2021-05-28T16:56:50Z">
          <reporter-output>
          </reporter-output>
        </test-method> <!-- elementsUi -->
      </class> <!-- qaclickacademy.SeleniumTest -->
    </test> <!-- Test -->
  </suite> <!-- Suite -->
</testng-results>
